2011-01-03T11:23:54+01:00 ALERT (1): Invalid controller specified (indexxcvbc)
2011-01-03T11:37:25+01:00 ALERT (1): Invalid controller specified (gkhgk)
2011-01-03T12:32:39+01:00 ALERT (1): Session must be started before any output has been sent to the browser; output started in /var/www/front/library/Zend/Application.php/91
2011-01-03T14:49:35+01:00 ALERT (1): Session must be started before any output has been sent to the browser; output started in /var/www/front/library/Zend/Application.php/91
2011-01-03T14:49:48+01:00 ALERT (1): Session must be started before any output has been sent to the browser; output started in /var/www/front/library/Zend/Application.php/91
2011-01-04T10:03:20+01:00 ALERT (1): Route home is not defined
2011-01-04T10:22:07+01:00 ALERT (1): L'action "viewAction" n'est pas implémentée.
2011-01-04T10:23:44+01:00 ALERT (1): Invalid controller specified (view)
2011-01-04T10:23:55+01:00 ALERT (1): Invalid controller specified (view)
2011-01-04T10:30:30+01:00 ALERT (1): Invalid controller specified (view)
2011-01-04T10:34:10+01:00 ALERT (1): Invalid controller specified (view)
2011-01-04T10:34:14+01:00 ALERT (1): Invalid controller specified (ghdfg)
2011-01-04T10:34:18+01:00 ALERT (1): Invalid controller specified (users)
2011-01-04T10:34:43+01:00 ALERT (1): Invalid controller specified (users)
2011-01-04T10:53:02+01:00 ALERT (1): Invalid controller specified (users)
2011-01-04T11:38:36+01:00 ALERT (1): No entry is registered for key 'id'
2011-01-04T12:02:56+01:00 ALERT (1): L'action "getCacheAction" n'est pas implémentée.
2011-01-04T12:03:53+01:00 ALERT (1): L'action "getCacheAction" n'est pas implémentée.
2011-01-05T10:37:27+01:00 ALERT (1): cache_dir must be a directory
2011-01-05T15:17:08+01:00 ALERT (1): SQLSTATE[23000]: Integrity constraint violation: 1062 Duplicate entry 'sdfgsfdg' for key 2
2011-01-05T15:17:11+01:00 ALERT (1): SQLSTATE[23000]: Integrity constraint violation: 1062 Duplicate entry 'sdfgsfdg' for key 2
2011-01-05T15:17:18+01:00 ALERT (1): Method setValue does not exist
2011-01-05T15:17:59+01:00 ALERT (1): SQLSTATE[23000]: Integrity constraint violation: 1062 Duplicate entry 'sdqfqsgdqdhd' for key 2
2011-01-05T16:37:21+01:00 ALERT (1): Invalid controller specified (indedx)
2011-01-05T16:37:25+01:00 ALERT (1): L'action "useraddAction" n'est pas implémentée.
2011-01-05T16:37:32+01:00 ALERT (1): Invalid validator provided to addValidator; must be string or Zend_Validate_Interface
2011-01-05T16:38:10+01:00 ALERT (1): Invalid validator provided to addValidator; must be string or Zend_Validate_Interface
2011-01-05T16:38:11+01:00 ALERT (1): Invalid validator provided to addValidator; must be string or Zend_Validate_Interface
2011-01-05T16:38:11+01:00 ALERT (1): Invalid validator provided to addValidator; must be string or Zend_Validate_Interface
2011-01-06T09:48:48+01:00 ALERT (1): script 'index/add-user.phtml' not found in path (/var/www/front/application/User/views/scripts/)
2011-01-06T10:01:49+01:00 ALERT (1): SQLSTATE[23000]: Integrity constraint violation: 1048 Column 'login' cannot be null
2011-01-06T10:13:47+01:00 ALERT (1): SQLSTATE[23000]: Integrity constraint violation: 1062 Duplicate entry 'fdsg' for key 2
2011-01-06T10:13:51+01:00 ALERT (1): SQLSTATE[23000]: Integrity constraint violation: 1062 Duplicate entry 'fdsg' for key 2
2011-01-06T10:14:05+01:00 ALERT (1): Action Helper by name Redirect not found
2011-01-06T10:47:24+01:00 ALERT (1): Method "appendStyleSheet" does not exist
2011-01-06T10:47:34+01:00 ALERT (1): Invalid controller specified (css)
2011-01-07T15:52:27+01:00 ALERT (1): script 'logedin.phtml' not found in path (/var/www/front/layouts/:/var/www/front/application/User/views/scripts/)
2011-01-07T16:08:20+01:00 ALERT (1): Invalid controller specified (vfsdfvgxcd)
2011-01-31T17:25:50+01:00 ALERT (1): parse_ini_file(/var/www/front/etc/routes.ini): failed to open stream: No such file or directory
2011-02-01T12:27:51+01:00 ALERT (1): Invalid controller specified (toto)
2011-02-01T12:27:58+01:00 ALERT (1): Invalid controller specified (tot)
2011-02-01T12:28:01+01:00 ALERT (1): Invalid controller specified (tot)
2011-02-01T12:28:02+01:00 ALERT (1): Invalid controller specified (tot)
2011-02-01T12:28:03+01:00 ALERT (1): Invalid controller specified (tot)
2011-02-01T12:28:03+01:00 ALERT (1): Invalid controller specified (tot)
2011-02-01T12:28:03+01:00 ALERT (1): Invalid controller specified (tot)
2011-02-01T12:28:06+01:00 ALERT (1): Invalid controller specified (tot)
2011-02-01T12:28:07+01:00 ALERT (1): Invalid controller specified (tot)
2011-02-01T12:28:07+01:00 ALERT (1): Invalid controller specified (tot)
2011-02-01T12:28:08+01:00 ALERT (1): Invalid controller specified (tot)
2011-02-01T12:28:09+01:00 ALERT (1): Invalid controller specified (tot)
2011-02-01T12:28:10+01:00 ALERT (1): Invalid controller specified (tot)
2011-02-01T12:28:10+01:00 ALERT (1): Invalid controller specified (tot)
2011-02-01T12:28:11+01:00 ALERT (1): Invalid controller specified (tot)
2011-02-01T12:28:11+01:00 ALERT (1): Invalid controller specified (tot)
2011-02-01T12:28:12+01:00 ALERT (1): Invalid controller specified (tot)
2011-02-01T12:28:12+01:00 ALERT (1): Invalid controller specified (tot)
2011-02-01T12:28:12+01:00 ALERT (1): Invalid controller specified (tot)
2011-02-01T12:28:13+01:00 ALERT (1): Invalid controller specified (tot)
2011-02-01T12:28:13+01:00 ALERT (1): Invalid controller specified (tot)
2011-02-01T12:28:13+01:00 ALERT (1): Invalid controller specified (tot)
2011-02-01T12:28:14+01:00 ALERT (1): Invalid controller specified (tot)
2011-02-01T12:28:14+01:00 ALERT (1): Invalid controller specified (tot)
2011-02-01T12:28:14+01:00 ALERT (1): Invalid controller specified (tot)
2011-02-01T12:28:15+01:00 ALERT (1): Invalid controller specified (tot)
2011-02-01T12:28:15+01:00 ALERT (1): Invalid controller specified (tot)
2011-02-01T12:28:15+01:00 ALERT (1): Invalid controller specified (tot)
2011-02-01T12:28:16+01:00 ALERT (1): Invalid controller specified (tot)
2011-02-01T12:28:16+01:00 ALERT (1): Invalid controller specified (tot)
2011-02-01T12:28:16+01:00 ALERT (1): Invalid controller specified (tot)
2011-02-01T12:28:17+01:00 ALERT (1): Invalid controller specified (tot)
2011-02-01T12:28:19+01:00 ALERT (1): Invalid controller specified (tot)
2011-02-01T12:28:39+01:00 ALERT (1): Invalid controller specified (to)
2011-02-01T12:28:44+01:00 ALERT (1): Invalid controller specified (toiii)
2011-02-01T12:28:50+01:00 ALERT (1): Invalid controller specified (t)
2011-02-01T12:29:09+01:00 ALERT (1): Invalid controller specified (toiii)
2011-02-01T12:29:10+01:00 ALERT (1): Invalid controller specified (to)
2011-02-01T12:29:10+01:00 ALERT (1): Invalid controller specified (tot)
2011-02-01T12:29:11+01:00 ALERT (1): Invalid controller specified (toto)
2011-02-01T12:29:15+01:00 ALERT (1): Invalid controller specified (jhjyjh)
2011-02-01T12:29:29+01:00 ALERT (1): Invalid controller specified (uytu)
2011-02-01T15:14:49+01:00 ALERT (1): Method clearDecorator does not exist
2011-02-01T16:15:57+01:00 ALERT (1): Method setdisplayGroupdecorator does not exist
2011-02-01T16:16:11+01:00 ALERT (1): Method setDisplayGroupdecorator does not exist
2011-02-02T09:27:01+01:00 ALERT (1): A value for the identity was not provided prior to authentication with Zend_Auth_Adapter_DbTable.
2011-02-02T09:34:32+01:00 ALERT (1): A value for the identity was not provided prior to authentication with Zend_Auth_Adapter_DbTable.
2011-02-02T11:13:33+01:00 ALERT (1): The supplied parameters to Zend_Auth_Adapter_DbTable failed to produce a valid sql statement, please check table and column names for validity.
2011-02-02T11:13:37+01:00 ALERT (1): The supplied parameters to Zend_Auth_Adapter_DbTable failed to produce a valid sql statement, please check table and column names for validity.
2011-02-02T11:13:38+01:00 ALERT (1): The supplied parameters to Zend_Auth_Adapter_DbTable failed to produce a valid sql statement, please check table and column names for validity.
2011-02-02T11:13:40+01:00 ALERT (1): The supplied parameters to Zend_Auth_Adapter_DbTable failed to produce a valid sql statement, please check table and column names for validity.
2011-02-02T11:13:42+01:00 ALERT (1): The supplied parameters to Zend_Auth_Adapter_DbTable failed to produce a valid sql statement, please check table and column names for validity.
2011-02-02T11:13:48+01:00 ALERT (1): The supplied parameters to Zend_Auth_Adapter_DbTable failed to produce a valid sql statement, please check table and column names for validity.
2011-02-02T11:23:55+01:00 ALERT (1): A value for the identity was not provided prior to authentication with Zend_Auth_Adapter_DbTable.
2011-02-02T12:20:39+01:00 ALERT (1): script 'index/edit.phtml' not found in path (C:/Program Files/Zend/Apache2/htdocs/front/application/modules/User/views\scripts/)
2011-02-02T14:06:20+01:00 ALERT (1): SQLSTATE[23000]: Integrity constraint violation: 1048 Column 'login' cannot be null
2011-02-02T14:12:41+01:00 ALERT (1): SQLSTATE[HY000]: General error: 1364 Field 'login' doesn't have a default value
2011-02-02T14:12:48+01:00 ALERT (1): SQLSTATE[HY000]: General error: 1364 Field 'login' doesn't have a default value
2011-02-02T14:12:53+01:00 ALERT (1): SQLSTATE[HY000]: General error: 1364 Field 'login' doesn't have a default value
2011-02-02T14:14:09+01:00 ALERT (1): SQLSTATE[HY000]: General error: 1364 Field 'login' doesn't have a default value
2011-02-02T14:18:17+01:00 ALERT (1): SQLSTATE[HY000]: General error: 1364 Field 'login' doesn't have a default value
2011-02-02T14:20:53+01:00 ALERT (1): SQLSTATE[HY000]: General error: 1364 Field 'password' doesn't have a default value
2011-02-02T14:21:09+01:00 ALERT (1): SQLSTATE[HY000]: General error: 1364 Field 'password' doesn't have a default value
2011-02-02T14:22:43+01:00 ALERT (1): SQLSTATE[HY000]: General error: 1364 Field 'login' doesn't have a default value
2011-02-02T14:31:53+01:00 ALERT (1): Action Helper by name Redirect not found
2011-02-02T14:31:58+01:00 ALERT (1): Action Helper by name Redirect not found
2011-02-02T14:32:03+01:00 ALERT (1): Action Helper by name Redirect not found
2011-02-02T15:16:40+01:00 ALERT (1): SQLSTATE[28000] [1045] Access denied for user 'root'@'localhost' (using password: NO)
2011-02-02T15:16:48+01:00 ALERT (1): SQLSTATE[28000] [1045] Access denied for user 'root'@'localhost' (using password: NO)
2011-02-02T15:16:54+01:00 ALERT (1): SQLSTATE[28000] [1045] Access denied for user 'root'@'localhost' (using password: NO)
2011-02-02T15:17:02+01:00 ALERT (1): SQLSTATE[28000] [1045] Access denied for user 'root'@'localhost' (using password: NO)
2011-02-02T15:17:29+01:00 ALERT (1): SQLSTATE[28000] [1045] Access denied for user 'root'@'localhost' (using password: NO)
2011-02-02T15:17:37+01:00 ALERT (1): SQLSTATE[28000] [1045] Access denied for user 'root'@'localhost' (using password: NO)
2011-02-02T15:18:10+01:00 ALERT (1): SQLSTATE[28000] [1045] Access denied for user 'root'@'localhost' (using password: NO)
2011-02-02T15:18:47+01:00 ALERT (1): SQLSTATE[28000] [1045] Access denied for user 'root'@'localhost' (using password: NO)
2011-02-02T15:19:17+01:00 ALERT (1): SQLSTATE[28000] [1045] Access denied for user 'root'@'localhost' (using password: NO)
2011-02-02T15:19:32+01:00 ALERT (1): SQLSTATE[28000] [1045] Access denied for user 'root'@'localhost' (using password: NO)
2011-02-02T15:20:20+01:00 ALERT (1): SQLSTATE[28000] [1045] Access denied for user 'root'@'localhost' (using password: NO)
2011-02-02T15:21:33+01:00 ALERT (1): SQLSTATE[28000] [1045] Access denied for user 'root'@'localhost' (using password: NO)
2011-02-02T15:21:57+01:00 ALERT (1): SQLSTATE[28000] [1045] Access denied for user 'root'@'localhost' (using password: NO)
2011-02-02T15:22:51+01:00 ALERT (1): SQLSTATE[28000] [1045] Access denied for user 'root'@'localhost' (using password: NO)
2011-02-02T15:23:57+01:00 ALERT (1): SQLSTATE[28000] [1045] Access denied for user 'root'@'localhost' (using password: NO)
2011-02-02T15:26:26+01:00 ALERT (1): SQLSTATE[28000] [1045] Access denied for user 'root'@'localhost' (using password: NO)
2011-02-02T15:27:47+01:00 ALERT (1): SQLSTATE[28000] [1045] Access denied for user 'root'@'localhost' (using password: NO)
2011-02-02T15:27:51+01:00 ALERT (1): SQLSTATE[28000] [1045] Access denied for user 'root'@'localhost' (using password: NO)
2011-02-02T15:27:57+01:00 ALERT (1): SQLSTATE[28000] [1045] Access denied for user 'root'@'localhost' (using password: NO)
2011-02-02T15:28:01+01:00 ALERT (1): SQLSTATE[28000] [1045] Access denied for user 'root'@'localhost' (using password: NO)
2011-02-02T15:28:08+01:00 ALERT (1): SQLSTATE[28000] [1045] Access denied for user 'root'@'localhost' (using password: NO)
2011-02-02T15:28:26+01:00 ALERT (1): SQLSTATE[28000] [1045] Access denied for user 'root'@'localhost' (using password: NO)
2011-02-02T15:28:55+01:00 ALERT (1): SQLSTATE[28000] [1045] Access denied for user 'root'@'localhost' (using password: NO)
2011-02-02T15:29:31+01:00 ALERT (1): SQLSTATE[28000] [1045] Access denied for user 'root'@'localhost' (using password: NO)
2011-02-02T16:22:56+01:00 ALERT (1): Invalid controller specified (Wsserver)
2011-02-02T16:22:57+01:00 ALERT (1): Invalid controller specified (Wsserver)
2011-02-02T16:22:59+01:00 ALERT (1): Invalid controller specified (Wsserver)
2011-02-02T16:22:59+01:00 ALERT (1): Invalid controller specified (Wsserver)
2011-02-02T16:22:59+01:00 ALERT (1): Invalid controller specified (Wsserver)
2011-02-02T16:23:00+01:00 ALERT (1): Invalid controller specified (Wsserver)
2011-02-02T16:23:00+01:00 ALERT (1): Invalid controller specified (Wsserver)
2011-02-02T16:27:16+01:00 ALERT (1): Invalid controller specified (Wsserver)
2011-02-02T16:28:41+01:00 ALERT (1): Method "viewRenderer" does not exist and was not trapped in __call()
2011-02-02T16:36:44+01:00 ALERT (1): Action "soa" does not exist and was not trapped in __call()
2011-02-03T09:10:52+01:00 ALERT (1): Action "soap" does not exist and was not trapped in __call()
2011-02-03T09:11:01+01:00 ALERT (1): Action "soap" does not exist and was not trapped in __call()
2011-02-03T09:11:06+01:00 ALERT (1): Action "soap" does not exist and was not trapped in __call()
2011-02-03T09:13:11+01:00 ALERT (1): Action "soap" does not exist and was not trapped in __call()
2011-02-03T09:13:15+01:00 ALERT (1): Action "soap" does not exist and was not trapped in __call()
2011-02-03T09:13:18+01:00 ALERT (1): Action "index" does not exist and was not trapped in __call()
2011-02-03T09:13:28+01:00 ALERT (1): Action "soap" does not exist and was not trapped in __call()
2011-02-03T09:15:19+01:00 ALERT (1): script 'index/soapgetuserlist.phtml' not found in path (C:/Program Files/Zend/Apache2/htdocs/front/application/modules/Wsclient/views\scripts/)
2011-02-03T10:15:15+01:00 ALERT (1): Action "soap" does not exist and was not trapped in __call()
2011-02-03T11:16:00+01:00 ALERT (1): Path not readable: auth.txt
2011-02-03T11:16:35+01:00 ALERT (1): Path not readable: ./auth.txt
2011-02-03T11:16:36+01:00 ALERT (1): Path not readable: ./auth.txt
2011-02-03T11:16:36+01:00 ALERT (1): Path not readable: ./auth.txt
2011-02-03T11:16:36+01:00 ALERT (1): Path not readable: ./auth.txt
2011-02-03T11:16:37+01:00 ALERT (1): Path not readable: ./auth.txt
2011-02-03T11:16:37+01:00 ALERT (1): Path not readable: ./auth.txt
2011-02-03T11:16:37+01:00 ALERT (1): Path not readable: ./auth.txt
2011-02-03T11:16:37+01:00 ALERT (1): Path not readable: ./auth.txt
2011-02-03T11:16:37+01:00 ALERT (1): Path not readable: ./auth.txt
2011-02-03T11:16:37+01:00 ALERT (1): Path not readable: ./auth.txt
2011-02-03T11:16:38+01:00 ALERT (1): Path not readable: ./auth.txt
2011-02-03T11:16:38+01:00 ALERT (1): Path not readable: ./auth.txt
2011-02-03T11:16:38+01:00 ALERT (1): Path not readable: ./auth.txt
2011-02-03T11:16:38+01:00 ALERT (1): Path not readable: ./auth.txt
2011-02-03T11:16:38+01:00 ALERT (1): Path not readable: ./auth.txt
2011-02-03T11:16:49+01:00 ALERT (1): Path not readable: ./auth.txt
2011-02-03T11:16:50+01:00 ALERT (1): Path not readable: ./auth.txt
2011-02-03T11:16:50+01:00 ALERT (1): Path not readable: ./auth.txt
2011-02-03T11:16:50+01:00 ALERT (1): Path not readable: ./auth.txt
2011-02-03T11:16:50+01:00 ALERT (1): Path not readable: ./auth.txt
2011-02-03T11:16:51+01:00 ALERT (1): Path not readable: ./auth.txt
2011-02-03T11:16:51+01:00 ALERT (1): Path not readable: ./auth.txt
2011-02-03T11:16:51+01:00 ALERT (1): Path not readable: ./auth.txt
2011-02-03T11:16:51+01:00 ALERT (1): Path not readable: ./auth.txt
2011-02-03T11:16:51+01:00 ALERT (1): Path not readable: ./auth.txt
2011-02-03T11:16:51+01:00 ALERT (1): Path not readable: ./auth.txt
2011-02-03T11:16:52+01:00 ALERT (1): Path not readable: ./auth.txt
2011-02-03T11:31:20+01:00 ALERT (1): Request and Response objects must be set before calling authenticate()
2011-02-03T11:47:24+01:00 ALERT (1): Action "soap" does not exist and was not trapped in __call()
2011-02-03T11:47:39+01:00 ALERT (1): Action "soap" does not exist and was not trapped in __call()
2011-02-03T11:47:54+01:00 ALERT (1): Action "soap" does not exist and was not trapped in __call()
2011-02-03T11:48:22+01:00 ALERT (1): Action "soap" does not exist and was not trapped in __call()
2011-02-03T11:48:22+01:00 ALERT (1): Action "soap" does not exist and was not trapped in __call()
2011-02-03T11:48:23+01:00 ALERT (1): Action "soap" does not exist and was not trapped in __call()
2011-02-03T11:48:23+01:00 ALERT (1): Action "soap" does not exist and was not trapped in __call()
2011-02-03T11:48:24+01:00 ALERT (1): Action "soap" does not exist and was not trapped in __call()
2011-02-03T11:48:31+01:00 ALERT (1): Action "index" does not exist and was not trapped in __call()
2011-02-03T11:48:32+01:00 ALERT (1): Action "soap" does not exist and was not trapped in __call()
2011-02-03T11:48:32+01:00 ALERT (1): Action "soap" does not exist and was not trapped in __call()
2011-02-03T11:48:38+01:00 ALERT (1): Action "soap" does not exist and was not trapped in __call()
2011-02-03T11:48:40+01:00 ALERT (1): Action "soap" does not exist and was not trapped in __call()
2011-02-03T11:48:41+01:00 ALERT (1): Action "soap" does not exist and was not trapped in __call()
2011-02-03T11:48:41+01:00 ALERT (1): Action "index" does not exist and was not trapped in __call()
2011-02-03T11:48:41+01:00 ALERT (1): Action "soap" does not exist and was not trapped in __call()
2011-02-03T12:02:35+01:00 ALERT (1): Request and Response objects must be set before calling authenticate()
2011-02-03T12:09:02+01:00 ALERT (1): No entry is registered for key 'logger'
2011-02-03T12:09:44+01:00 ALERT (1): Path not readable: C:\Program Files\Zend\Apache2\htdocs\front\application\modules\Wsclient\controllersC:\Program Files\Zend\Apache2\htdocs\front\application\modules\Wsclient\controllers\auth.txt
2011-02-03T12:11:41+01:00 ALERT (1): Request and Response objects must be set before calling authenticate()
2011-02-03T12:23:56+01:00 ALERT (1): looks like we got no XML document
2011-02-03T12:24:00+01:00 ALERT (1): looks like we got no XML document
2011-02-03T12:24:02+01:00 ALERT (1): looks like we got no XML document
2011-02-03T12:24:03+01:00 ALERT (1): looks like we got no XML document
2011-02-03T12:24:09+01:00 ALERT (1): looks like we got no XML document
2011-02-03T12:24:15+01:00 ALERT (1): looks like we got no XML document
2011-02-03T12:24:24+01:00 ALERT (1): looks like we got no XML document
2011-02-03T12:24:33+01:00 ALERT (1): looks like we got no XML document
2011-02-03T12:24:45+01:00 ALERT (1): looks like we got no XML document
2011-02-03T12:24:50+01:00 ALERT (1): looks like we got no XML document
2011-02-03T12:24:55+01:00 ALERT (1): looks like we got no XML document
2011-02-03T12:25:09+01:00 ALERT (1): looks like we got no XML document
2011-02-03T12:25:10+01:00 ALERT (1): looks like we got no XML document
2011-02-03T12:25:10+01:00 ALERT (1): looks like we got no XML document
2011-02-03T12:25:10+01:00 ALERT (1): looks like we got no XML document
2011-02-03T12:25:10+01:00 ALERT (1): looks like we got no XML document
2011-02-03T12:25:11+01:00 ALERT (1): looks like we got no XML document
2011-02-03T12:25:11+01:00 ALERT (1): looks like we got no XML document
2011-02-03T12:25:11+01:00 ALERT (1): looks like we got no XML document
2011-02-03T12:25:11+01:00 ALERT (1): looks like we got no XML document
2011-02-03T12:25:11+01:00 ALERT (1): looks like we got no XML document
2011-02-03T12:25:11+01:00 ALERT (1): looks like we got no XML document
2011-02-03T12:25:12+01:00 ALERT (1): looks like we got no XML document
2011-02-03T12:25:15+01:00 ALERT (1): looks like we got no XML document
2011-02-03T12:25:17+01:00 ALERT (1): looks like we got no XML document
2011-02-03T12:25:19+01:00 ALERT (1): looks like we got no XML document
2011-02-03T12:25:46+01:00 ALERT (1): looks like we got no XML document
2011-02-03T12:25:53+01:00 ALERT (1): looks like we got no XML document
2011-02-03T12:25:57+01:00 ALERT (1): looks like we got no XML document
2011-02-03T14:44:58+01:00 ALERT (1): looks like we got no XML document
2011-02-03T14:45:01+01:00 ALERT (1): looks like we got no XML document
2011-02-03T14:45:03+01:00 ALERT (1): looks like we got no XML document
2011-02-03T14:45:04+01:00 ALERT (1): looks like we got no XML document
2011-02-03T14:45:04+01:00 ALERT (1): looks like we got no XML document
2011-02-03T14:46:10+01:00 ALERT (1): looks like we got no XML document
2011-02-03T14:46:16+01:00 ALERT (1): looks like we got no XML document
2011-02-03T14:46:31+01:00 ALERT (1): looks like we got no XML document
2011-02-03T14:46:36+01:00 ALERT (1): looks like we got no XML document
2011-02-03T14:46:37+01:00 ALERT (1): looks like we got no XML document
2011-02-03T14:46:37+01:00 ALERT (1): looks like we got no XML document
2011-02-03T14:46:37+01:00 ALERT (1): looks like we got no XML document
2011-02-03T14:46:37+01:00 ALERT (1): looks like we got no XML document
2011-02-03T14:46:37+01:00 ALERT (1): looks like we got no XML document
2011-02-03T14:46:38+01:00 ALERT (1): looks like we got no XML document
2011-02-03T14:46:40+01:00 ALERT (1): looks like we got no XML document
2011-02-03T14:46:50+01:00 ALERT (1): looks like we got no XML document
2011-02-03T14:50:57+01:00 ALERT (1): looks like we got no XML document
2011-02-03T14:51:03+01:00 ALERT (1): looks like we got no XML document
2011-02-03T14:51:08+01:00 ALERT (1): looks like we got no XML document
2011-02-03T14:51:11+01:00 ALERT (1): looks like we got no XML document
2011-02-03T14:51:16+01:00 ALERT (1): looks like we got no XML document
2011-02-03T14:51:17+01:00 ALERT (1): looks like we got no XML document
2011-02-03T14:54:40+01:00 ALERT (1): looks like we got no XML document
2011-02-03T14:54:41+01:00 ALERT (1): looks like we got no XML document
2011-02-03T14:57:55+01:00 ALERT (1): looks like we got no XML document
2011-02-03T14:58:01+01:00 ALERT (1): looks like we got no XML document
2011-02-03T14:58:02+01:00 ALERT (1): looks like we got no XML document
2011-02-03T14:58:03+01:00 ALERT (1): looks like we got no XML document
2011-02-03T14:58:03+01:00 ALERT (1): looks like we got no XML document
2011-02-03T14:58:04+01:00 ALERT (1): looks like we got no XML document
2011-02-03T14:58:04+01:00 ALERT (1): looks like we got no XML document
2011-02-03T14:58:04+01:00 ALERT (1): looks like we got no XML document
2011-02-03T14:58:05+01:00 ALERT (1): looks like we got no XML document
2011-02-03T14:58:07+01:00 ALERT (1): looks like we got no XML document
2011-02-03T14:58:13+01:00 ALERT (1): looks like we got no XML document
2011-02-03T14:58:18+01:00 ALERT (1): looks like we got no XML document
2011-02-03T14:58:23+01:00 ALERT (1): looks like we got no XML document
2011-02-03T14:58:27+01:00 ALERT (1): looks like we got no XML document
2011-02-03T15:05:40+01:00 ALERT (1): looks like we got no XML document
2011-02-03T15:09:08+01:00 ALERT (1): looks like we got no XML document
2011-02-03T15:09:12+01:00 ALERT (1): looks like we got no XML document
2011-02-03T15:09:17+01:00 ALERT (1): looks like we got no XML document
2011-02-03T15:09:25+01:00 ALERT (1): looks like we got no XML document
2011-02-03T15:09:30+01:00 ALERT (1): looks like we got no XML document
2011-02-03T15:09:31+01:00 ALERT (1): looks like we got no XML document
2011-02-03T15:09:33+01:00 ALERT (1): looks like we got no XML document
2011-02-03T15:10:08+01:00 ALERT (1): looks like we got no XML document
2011-02-03T15:10:09+01:00 ALERT (1): looks like we got no XML document
2011-02-03T15:10:10+01:00 ALERT (1): looks like we got no XML document
2011-02-03T15:10:10+01:00 ALERT (1): looks like we got no XML document
2011-02-03T15:10:11+01:00 ALERT (1): looks like we got no XML document
2011-02-03T15:10:11+01:00 ALERT (1): looks like we got no XML document
2011-02-03T15:10:11+01:00 ALERT (1): looks like we got no XML document
2011-02-03T15:10:11+01:00 ALERT (1): looks like we got no XML document
2011-02-03T15:10:12+01:00 ALERT (1): looks like we got no XML document
2011-02-03T15:10:14+01:00 ALERT (1): looks like we got no XML document
2011-02-03T15:10:15+01:00 ALERT (1): looks like we got no XML document
2011-02-03T15:14:38+01:00 ALERT (1): looks like we got no XML document
2011-02-03T15:14:44+01:00 ALERT (1): looks like we got no XML document
2011-02-03T15:14:46+01:00 ALERT (1): looks like we got no XML document
2011-02-03T15:14:46+01:00 ALERT (1): looks like we got no XML document
2011-02-03T15:14:46+01:00 ALERT (1): looks like we got no XML document
2011-02-03T15:14:47+01:00 ALERT (1): looks like we got no XML document
2011-02-03T15:14:47+01:00 ALERT (1): looks like we got no XML document
2011-02-03T15:14:47+01:00 ALERT (1): looks like we got no XML document
2011-02-03T15:15:37+01:00 ALERT (1): looks like we got no XML document
2011-02-03T15:15:38+01:00 ALERT (1): looks like we got no XML document
2011-02-03T15:15:44+01:00 ALERT (1): looks like we got no XML document
2011-02-03T15:15:48+01:00 ALERT (1): looks like we got no XML document
2011-02-03T15:15:50+01:00 ALERT (1): looks like we got no XML document
2011-02-03T15:15:53+01:00 ALERT (1): looks like we got no XML document
2011-02-03T15:27:13+01:00 ALERT (1): Unauthorized
2011-02-03T15:27:16+01:00 ALERT (1): Unauthorized
2011-02-03T15:27:17+01:00 ALERT (1): Unauthorized
2011-02-03T15:27:18+01:00 ALERT (1): Unauthorized
2011-02-03T15:27:18+01:00 ALERT (1): Unauthorized
2011-02-03T15:28:05+01:00 ALERT (1): Unauthorized
2011-02-03T15:28:06+01:00 ALERT (1): Unauthorized
2011-02-03T15:28:06+01:00 ALERT (1): Unauthorized
2011-02-03T15:28:06+01:00 ALERT (1): Unauthorized
2011-02-03T15:28:06+01:00 ALERT (1): Unauthorized
2011-02-03T15:28:07+01:00 ALERT (1): Unauthorized
2011-02-03T15:28:07+01:00 ALERT (1): Unauthorized
2011-02-03T15:28:07+01:00 ALERT (1): Unauthorized
2011-02-03T15:28:07+01:00 ALERT (1): Unauthorized
2011-02-03T15:28:07+01:00 ALERT (1): Unauthorized
2011-02-03T15:28:08+01:00 ALERT (1): Unauthorized
2011-02-03T15:28:08+01:00 ALERT (1): Unauthorized
2011-02-03T15:28:08+01:00 ALERT (1): Unauthorized
2011-02-03T15:28:08+01:00 ALERT (1): Unauthorized
2011-02-03T15:28:09+01:00 ALERT (1): Unauthorized
2011-02-03T15:28:09+01:00 ALERT (1): Unauthorized
2011-02-03T15:28:10+01:00 ALERT (1): Unauthorized
2011-02-03T15:28:48+01:00 ALERT (1): Unauthorized
2011-02-03T15:28:49+01:00 ALERT (1): Unauthorized
2011-02-03T15:31:03+01:00 ALERT (1): Unauthorized
2011-02-03T15:34:04+01:00 ALERT (1): Unauthorized
2011-02-03T15:34:06+01:00 ALERT (1): Unauthorized
2011-02-03T15:54:09+01:00 ALERT (1): Unauthorized
2011-02-03T15:54:11+01:00 ALERT (1): Unauthorized
2011-02-03T15:56:02+01:00 ALERT (1): Unauthorized
2011-02-03T15:56:46+01:00 ALERT (1): Unauthorized
2011-02-03T16:00:33+01:00 ALERT (1): Unauthorized
2011-02-03T16:00:34+01:00 ALERT (1): Unauthorized
2011-02-03T16:02:17+01:00 ALERT (1): Unauthorized
2011-02-03T16:03:02+01:00 ALERT (1): Unauthorized
2011-02-03T16:03:04+01:00 ALERT (1): Unauthorized
2011-02-03T16:04:01+01:00 ALERT (1): Unauthorized
2011-02-03T16:04:45+01:00 ALERT (1): Unauthorized
2011-02-03T16:04:46+01:00 ALERT (1): Unauthorized
2011-02-03T16:04:46+01:00 ALERT (1): Unauthorized
2011-02-03T16:04:46+01:00 ALERT (1): Unauthorized
2011-02-03T16:04:46+01:00 ALERT (1): Unauthorized
2011-02-03T16:04:47+01:00 ALERT (1): Unauthorized
2011-02-03T16:04:47+01:00 ALERT (1): Unauthorized
2011-02-03T16:04:48+01:00 ALERT (1): Unauthorized
2011-02-03T16:04:48+01:00 ALERT (1): Unauthorized
2011-02-03T16:04:48+01:00 ALERT (1): Unauthorized
2011-02-03T16:04:48+01:00 ALERT (1): Unauthorized
2011-02-03T16:04:48+01:00 ALERT (1): Unauthorized
2011-02-03T16:04:48+01:00 ALERT (1): Unauthorized
2011-02-03T16:04:49+01:00 ALERT (1): Unauthorized
2011-02-03T16:04:49+01:00 ALERT (1): Unauthorized
2011-02-03T16:04:49+01:00 ALERT (1): Unauthorized
2011-02-03T16:04:49+01:00 ALERT (1): Unauthorized
2011-02-03T16:04:50+01:00 ALERT (1): Unauthorized
2011-02-03T16:05:03+01:00 ALERT (1): Unauthorized
2011-02-03T16:05:03+01:00 ALERT (1): Unauthorized
2011-02-03T16:05:04+01:00 ALERT (1): Unauthorized
2011-02-03T16:05:04+01:00 ALERT (1): Unauthorized
2011-02-03T16:05:04+01:00 ALERT (1): Unauthorized
2011-02-03T16:06:21+01:00 ALERT (1): Unauthorized
2011-02-03T16:06:22+01:00 ALERT (1): Unauthorized
2011-02-03T16:06:22+01:00 ALERT (1): Unauthorized
2011-02-03T16:06:22+01:00 ALERT (1): Unauthorized
2011-02-03T16:06:22+01:00 ALERT (1): Unauthorized
2011-02-03T16:06:23+01:00 ALERT (1): Unauthorized
2011-02-03T16:10:33+01:00 ALERT (1): SQLSTATE[28000] [1045] Access denied for user 'root'@'localhost' (using password: NO)
2011-02-03T16:10:40+01:00 ALERT (1): SQLSTATE[28000] [1045] Access denied for user 'root'@'localhost' (using password: NO)
2011-02-03T16:10:58+01:00 ALERT (1): SQLSTATE[28000] [1045] Access denied for user 'root'@'localhost' (using password: NO)
2011-02-03T16:21:04+01:00 ALERT (1): Unauthorized
2011-02-03T16:21:55+01:00 ALERT (1): Unauthorized
2011-02-03T16:21:56+01:00 ALERT (1): Unauthorized
2011-02-03T16:21:57+01:00 ALERT (1): Unauthorized
2011-02-03T16:27:41+01:00 ALERT (1): Unauthorized
2011-02-03T16:27:42+01:00 ALERT (1): Unauthorized
2011-02-03T16:27:43+01:00 ALERT (1): Unauthorized
2011-02-03T16:27:43+01:00 ALERT (1): Unauthorized
2011-02-03T16:27:43+01:00 ALERT (1): Unauthorized
2011-02-03T16:27:43+01:00 ALERT (1): Unauthorized
2011-02-03T16:27:44+01:00 ALERT (1): Unauthorized
2011-02-03T16:27:44+01:00 ALERT (1): Unauthorized
2011-02-03T16:27:44+01:00 ALERT (1): Unauthorized
2011-02-03T16:27:55+01:00 ALERT (1): Unauthorized
2011-02-03T16:28:01+01:00 ALERT (1): Unauthorized
2011-02-03T16:28:27+01:00 ALERT (1): Unauthorized
2011-02-03T16:28:28+01:00 ALERT (1): Unauthorized
2011-02-03T16:28:28+01:00 ALERT (1): Unauthorized
2011-02-03T16:28:28+01:00 ALERT (1): Unauthorized
2011-02-03T16:38:30+01:00 ALERT (1): A value for the identity was not provided prior to authentication with Zend_Auth_Adapter_DbTable.
2011-02-03T16:38:32+01:00 ALERT (1): A value for the identity was not provided prior to authentication with Zend_Auth_Adapter_DbTable.
2011-02-03T16:38:34+01:00 ALERT (1): A value for the identity was not provided prior to authentication with Zend_Auth_Adapter_DbTable.
2011-02-03T16:38:34+01:00 ALERT (1): A value for the identity was not provided prior to authentication with Zend_Auth_Adapter_DbTable.
2011-02-03T16:38:34+01:00 ALERT (1): A value for the identity was not provided prior to authentication with Zend_Auth_Adapter_DbTable.
2011-02-03T16:38:35+01:00 ALERT (1): A value for the identity was not provided prior to authentication with Zend_Auth_Adapter_DbTable.
2011-02-03T16:38:35+01:00 ALERT (1): A value for the identity was not provided prior to authentication with Zend_Auth_Adapter_DbTable.
2011-02-03T16:38:35+01:00 ALERT (1): A value for the identity was not provided prior to authentication with Zend_Auth_Adapter_DbTable.
2011-02-03T16:38:35+01:00 ALERT (1): A value for the identity was not provided prior to authentication with Zend_Auth_Adapter_DbTable.
2011-02-03T16:38:35+01:00 ALERT (1): A value for the identity was not provided prior to authentication with Zend_Auth_Adapter_DbTable.
2011-02-03T16:38:36+01:00 ALERT (1): A value for the identity was not provided prior to authentication with Zend_Auth_Adapter_DbTable.
2011-02-03T16:38:36+01:00 ALERT (1): A value for the identity was not provided prior to authentication with Zend_Auth_Adapter_DbTable.
2011-02-03T16:38:36+01:00 ALERT (1): A value for the identity was not provided prior to authentication with Zend_Auth_Adapter_DbTable.
2011-02-03T16:38:36+01:00 ALERT (1): A value for the identity was not provided prior to authentication with Zend_Auth_Adapter_DbTable.
2011-02-03T16:38:36+01:00 ALERT (1): A value for the identity was not provided prior to authentication with Zend_Auth_Adapter_DbTable.
2011-02-03T16:38:36+01:00 ALERT (1): A value for the identity was not provided prior to authentication with Zend_Auth_Adapter_DbTable.
2011-02-03T16:38:37+01:00 ALERT (1): A value for the identity was not provided prior to authentication with Zend_Auth_Adapter_DbTable.
2011-02-03T16:38:37+01:00 ALERT (1): A value for the identity was not provided prior to authentication with Zend_Auth_Adapter_DbTable.
2011-02-03T16:38:38+01:00 ALERT (1): A value for the identity was not provided prior to authentication with Zend_Auth_Adapter_DbTable.
2011-02-03T16:38:38+01:00 ALERT (1): A value for the identity was not provided prior to authentication with Zend_Auth_Adapter_DbTable.
2011-02-03T16:38:38+01:00 ALERT (1): A value for the identity was not provided prior to authentication with Zend_Auth_Adapter_DbTable.
2011-02-03T16:38:39+01:00 ALERT (1): A value for the identity was not provided prior to authentication with Zend_Auth_Adapter_DbTable.
2011-02-03T16:38:39+01:00 ALERT (1): A value for the identity was not provided prior to authentication with Zend_Auth_Adapter_DbTable.
2011-02-03T16:38:39+01:00 ALERT (1): A value for the identity was not provided prior to authentication with Zend_Auth_Adapter_DbTable.
2011-02-03T16:38:39+01:00 ALERT (1): A value for the identity was not provided prior to authentication with Zend_Auth_Adapter_DbTable.
2011-02-03T16:38:39+01:00 ALERT (1): A value for the identity was not provided prior to authentication with Zend_Auth_Adapter_DbTable.
2011-02-03T16:38:40+01:00 ALERT (1): A value for the identity was not provided prior to authentication with Zend_Auth_Adapter_DbTable.
2011-02-03T16:38:40+01:00 ALERT (1): A value for the identity was not provided prior to authentication with Zend_Auth_Adapter_DbTable.
2011-02-03T16:38:42+01:00 ALERT (1): A value for the identity was not provided prior to authentication with Zend_Auth_Adapter_DbTable.
2011-02-03T16:38:44+01:00 ALERT (1): A value for the identity was not provided prior to authentication with Zend_Auth_Adapter_DbTable.
2011-02-03T16:38:44+01:00 ALERT (1): A value for the identity was not provided prior to authentication with Zend_Auth_Adapter_DbTable.
2011-02-03T16:38:44+01:00 ALERT (1): A value for the identity was not provided prior to authentication with Zend_Auth_Adapter_DbTable.
2011-02-03T16:38:45+01:00 ALERT (1): A value for the identity was not provided prior to authentication with Zend_Auth_Adapter_DbTable.
2011-02-03T17:01:05+01:00 ALERT (1): A value for the identity was not provided prior to authentication with Zend_Auth_Adapter_DbTable.
2011-02-03T17:01:05+01:00 ALERT (1): A value for the identity was not provided prior to authentication with Zend_Auth_Adapter_DbTable.
2011-02-03T17:01:06+01:00 ALERT (1): A value for the identity was not provided prior to authentication with Zend_Auth_Adapter_DbTable.
2011-02-04T09:36:07+01:00 ALERT (1): SQLSTATE[28000] [1045] Access denied for user 'root'@'localhost' (using password: NO)
2011-02-04T11:04:39+01:00 ALERT (1): SQLSTATE[28000] [1045] Access denied for user 'root'@'localhost' (using password: NO)
